ViSiON2:RES Build ID: 004 
2022-01-30_13:17:20 
6f78a6d2448fd013a50fa10f1d444fba785e9ad07ac8bb22938d2a20000c2574  E:\v2res\src\72_FILE.PAS
6978d657419646c6502501241395d169185c95daaeacf7beea34d09e8a2c8247  E:\v2res\src\72_MES.PAS
1c502f90a7e2ae6c6c649170b0faabac8d5066f63083ece7effec870a337ecb1  E:\v2res\src\A.PAS
348ab9305992020f507b327b89925b91aaec527b53ab05829c705f14c67e8e99  E:\v2res\src\ACIDDOS.PAS
fbdcc80f076eb34eb9ef42ce26dfb101e30d26cc64d6ae7145293f41b4560164  E:\v2res\src\ACS.DOC
7b2ae07dd646fe2864fa98ef7b813d5163c1c26193b2e397645e747964604459  E:\v2res\src\ACS.PAS
4023a5ecbddfa2f168e11116720d6aececf216ddc96dcc2cc826c71cdb7ccb4d  E:\v2res\src\ALOT.PAS
f0365b0ce9ca273e2ff85f5f6973c2cf011f8da180cb8c589cc31d2d25480262  E:\v2res\src\ANSIEDIT.BAK
69a4117efb92ec211505cba9cc65646c3be35fcd04e0f6324e73430c18181a5c  E:\v2res\src\ANSIEDIT.OLD
cd81097af88a5b8295081bd46dafff276d793eef0adfb735da17793363de2041  E:\v2res\src\ANSIEDIT.PAS
92e75d0291805e77d671e8fd5a0886b9d0a6f4d45a61a084932b6bd8d62caf56  E:\v2res\src\AP_MODEM.PAS
bc4cb55651b6496c31e2c2cdb0e3ead1e0d956dd5b7bddc669b4be80cb3a6676  E:\v2res\src\ARCHIVE.PAS
dd2141288510f5a1774030ee1462a741b14a927b43fff336db609e929332f104  E:\v2res\src\B.BAT
76ab190deec8680c50a9e90cedc80fa05516e4d995c24f95e06b1b7a02759747  E:\v2res\src\BBSLIST.PAS
a80b84259db0f04de82b093d677b47a7e97f9169d14c81f8b419f8aad8ceabb6  E:\v2res\src\BIGVAR.PAS
aaaffb1c88b73a4ed7bfd5d8666771a1198c1383eee1ebae20ad6d02e8507240  E:\v2res\src\BUFIO.PAS
916e0d83618d8141a4611ad9b5b6f6a44d72088be26128ec7091a1ca63614a48  E:\v2res\src\BUFTEST.PAS
928463d71110a92615af6e08fa27bd58fed2b668c2e90d4949291d72527b24b4  E:\v2res\src\BULLETIN.PAS
27ee77a4c59b7487ab5353bb2e7f6c21643694124ef1d054e3341454f2ff736a  E:\v2res\src\C.BAT
febdcb0cc86ed9fa93c7b445282da1d446740603809d3ced95b208a0fd6cfaf3  E:\v2res\src\CFGRT72.PAS
29f3c57e0bbcb6f29f36df41fb64d202303d255ad1de1cd06a5fdcc403420f6e  E:\v2res\src\CHAT.PAS
2a18086b152f70b2d032a0b66c6ddb87b74da2ee7685cac419e53170d2f604f7  E:\v2res\src\CHATSTUF.PAS
53dcdc02b042a15b6383b2bf564c3c12dbece10c93119ac07b9795f928addf05  E:\v2res\src\CHOOSE.ANS
7ef154ebd69ce963adb32a0d2cd0cdce3170965215477fddaf41b6ee3c730deb  E:\v2res\src\CHOOSE.INC
85912381aa650b77c69fb66d150e7e451e9f344056e9a33b661542b549806403  E:\v2res\src\CONFED.PAS
e6c2b99a5fa2f3ef36ec8401fda477f18b0bb0749b25eea7b84f4f8c8b7e8442  E:\v2res\src\CONFIG.ANS
c2df8a0cd12d938e48370b5d55636822007e58909e50e0cb38eab8e3eb91a18b  E:\v2res\src\CONFIG.BBS
ec02733aa41eae9ea059aedb3c6c7d6f1f8030ba3bfc5a484cde6d0daf434d65  E:\v2res\src\CONFIG.INC
23faa556aeba4e11aec57557a45ae6f80916a98da40ba4a6457b5a58dc809513  E:\v2res\src\CONFIG.N
032cd05571056e2b23beffd160e6d77c85ea1ef90e22f4369adbd2599a5c8ef1  E:\v2res\src\CONFIG.OLD
071d472e6b2709f45082a9cf6925080db4275de5783b62a799b56434da701bd4  E:\v2res\src\CONFIG.PAS
ae38ec57287afc05a8924b4a834ceaa142638518a9e391c2308e5f91478b95c8  E:\v2res\src\CONFIGRT.PAS
71437891d6a84c55d15759886b1e2c9d03480bb5b0a9882a07a3202ea63e2eb2  E:\v2res\src\CONFIGUR.PAS
e0ba0c06c713245d1c26d4080d6e681ff7e1a4a9657e0dde4158b6260332b72f  E:\v2res\src\CONVERT.PAS
ebd1d043e3601c1bfdc641f8c8671cb102d8130869cb828d2c583d8afbda48bd  E:\v2res\src\CONV_STR.PAS
7977e885fda018e606ae7f2942afc29ba03ffedbac0b0a27a18161c0717afb1a  E:\v2res\src\CRC32.ASM
2ff9097ef3c8020cbb1bcde5a8a64d4dfce6294374afb08cfb0a2836afb62b48  E:\v2res\src\CRC32.OBJ
71f0dece1e3cfc25a4035b71bd4e506bae968c79732d217c6995f412be676d45  E:\v2res\src\CRC32.PAS
52b096cac7984b7b2b802cb21fdea2755c04b33ae6db9363ded9dcda11d8e5f3  E:\v2res\src\CREDITS.ANS
2433e919b9a6d50c6d7b86f09dd73ec09fcf9289290b5f549a2a1c954f2767ac  E:\v2res\src\CYP2VIS.PAS
54436f19cf1a0d7c38d5d79df87566956bd7405043f8a90ceba281670480962f  E:\v2res\src\DECRYPT.PAS
5f504d8f5445df6ec497e6456e279635ea6494cc4c11b0656eb9b4cccc01fdaf  E:\v2res\src\DHOOKS.INC
89029a50a89c29a30f16e8acb036691f263defe57057f13a4d15d4116de26495  E:\v2res\src\DISPEDIT.PAS
64205a69b511833a1ff3d4e9875db1f4cb3aa7886be23ff41932faa579c73576  E:\v2res\src\DISPEDIT.TPU
9cc0e02816384a078eff776dda316de2ea6a2b717fbf1841b0006ef87ba3aa22  E:\v2res\src\DOORS.PAS
ac60888b507019dc66d033578c3c4796321c132c320708f8f2218c9e06422ada  E:\v2res\src\DOSMEM.PAS
8ad1f715390c07662c0ba779f3e824d33727e6007e156cd8ed35e80e708afaa4  E:\v2res\src\DPMI.TPU
a8d37816d17c4118af08bddee9347ccc3797d053f9949170749c41568523ffc0  E:\v2res\src\EDITUSER.PA2
a25d72e5fe03d613c8193215c4a55830ac6e4478ddbbe1cc85eb9454010339b0  E:\v2res\src\EMAIL.PAS
97bf3f14e6523386b01a2f34b85784c36db040c41fa00be760fd13f260cac84e  E:\v2res\src\EMAIL0.PAS
96ec61de3aed31b14e450f9ef47c8d0009e9f66eea2184f7ec67ec5013ea3780  E:\v2res\src\EMULATE.DOC
04a36f50173926fd1f66e13101b1110080334a2208842cb33decfd80d33bb746  E:\v2res\src\EMULATE.PAS
7ae8ecc6f83b040c1b1bbf9a473f39c8354e2e4f63a7f56a1bddb958f32d29aa  E:\v2res\src\EXTENDED.PAS
64c8a6bc3f782be32e9d5bd0e7c192d1ef37a67a16237b887fbc915cc4180828  E:\v2res\src\FASTIO.PAS
f8aef4c2225c39bd6e17c068c08f5539a669ba2cff9e2e6bcef37f1ca4a8e1e0  E:\v2res\src\FASTTTT5.OBJ
6cca858e2658945077af9937c51e40af09c6cc74d3c279b957bfc14e5adb02f8  E:\v2res\src\FASTTTT5.PAS
3113a77c16483abec08b2456dc64281516d7b3b522a85aef56657679f1f32ec5  E:\v2res\src\FASTTTT5.TPU
834e0555973a35ef8457e2eaef1ab7b5ca081c053e5e7ca10b75e94ef71d0657  E:\v2res\src\FEEDBACK.PAS
44418f6b620b7bf3e4cb70aaeb99643530e343ce818cc3c2a535556ae6a33c86  E:\v2res\src\FIG2SMC.PAS
d3a00269e5a6f4acb79337a2cced4e5b8d0951f0d101fb5ded1713922caafad5  E:\v2res\src\FILE0.PAS
90c2f4a487d7ab4895c2b8dff33755fe56fee6d3c9f637f7e40504f4b7f9d0a0  E:\v2res\src\FILE1.PAS
0e22f5cb51dd717819ace8a711561cc17ad8a70391dd331d0d3f78a638a43a54  E:\v2res\src\FILE2.PAS
513208be452a048aa5afc75c0c775b997687f94e55ad7eef01a725cd9986d571  E:\v2res\src\FILE3.PAS
886039c200519cfeb411b0636cbde55f512099a0f7eb7e02c8b4829d7629b58b  E:\v2res\src\FILEFIX.PAS
998d6fc6d3012b90ed0dca40b4cd519b7187ba56f6c7935acb0d38e4000fbac4  E:\v2res\src\FILESORT.PAS
789c210c8fd019c947ae2a824493db11263dffbfd2e3272cf6714bdc89880c54  E:\v2res\src\FILESYS0.PAS
37297fa3821aeef93d7e0f44387451f35bcc1d3da72e422a0d5b1dbb758b96c5  E:\v2res\src\FILESYS1.PAS
da30d526326ba0488b654a43cec13d60045da205597cf1315b33725cd36549b1  E:\v2res\src\FILESYS2.PAS
a8b255742a4c329a76c54d78a2da9929b17929239bdf37e8adeea0457339f2c3  E:\v2res\src\FILETEMP.PAS
408b2a13a171e935ffe57bb7ff8c22c573b3878522a5deda142426aee71f3787  E:\v2res\src\FILEXF2.INC
e9f8ddef50aff52a5ef8b3cb985950072276e599cad7aaa7784b72c1dfd64662  E:\v2res\src\FILEXFER.PAS
d9220b83c5ebb99470e1b79cda6f9de1b9a08e5012a9094afb045f3f312b5287  E:\v2res\src\FILE_ID.DIZ
effbd1a2dadba5714180dcfad74a154e926aff26f25eb755206c8d08b2c86a47  E:\v2res\src\FIX.TXT
60c2a9f8801e3646ed1d4be1a06515c6fe70aa151246b052db9b1f3c7cde43dd  E:\v2res\src\FIXCFG.PAS
89f4bfe0aea8e39fce745bfc887832170e3d6a3d8a2f48c1e22d80b64839d53d  E:\v2res\src\FIXLINES.PAS
f62c062d6cf07cfa309be58a4197a9283b8c64dd8c8f1948a9c2c8e5cfc70956  E:\v2res\src\FIX_IT.PAS
e621165d13e6376d889f3928c08356f55b2f1dd344b5047464bf8d926ffc26d6  E:\v2res\src\FLAGS.PAS
6808ae13327cc7e6e7b6f82426bf71442481ed6304308d3eff31a1f7a5eb92df  E:\v2res\src\FOSSIL.OBJ
738d29a67987d6b72a58cf42bd4431d94a48a95f385c4311be326756058a2507  E:\v2res\src\FOSSIL.PAS
1ca7bed94b9c78a9338b47dc534712ed5063693aebd2ef8e8c412700156d0fd2  E:\v2res\src\FUCK.PAS
45c4a329a478f74b729f8a8dc96fa4c3dd5f613afb9afc26d15ca5b7ea699aec  E:\v2res\src\FWIZARD.PAS
1f1dde9625b22947bfffed6e8edf5a59d442381677805323dfd7641404ff0b07  E:\v2res\src\F_MODEM.PAS
6b12dc5242bb8f1deee379be86e2ca0cb2a9d9da4da2d1de3896608d98caac6b  E:\v2res\src\GENTYPES.PAS
130a22c9c859cdf00c772f043fd1b9e823ad0356d7565f328cf5efee48a8ec6e  E:\v2res\src\GETLOGIN.BAK
ae8910593eed7c548dcabc613aa5621ea15bdc807ce1cb89b1a81edeeedf8f7d  E:\v2res\src\GETLOGIN.PAS
809d9b5e9e861bbf2a412a03554b6c0c0c12587aed932e94849ae70f53df4494  E:\v2res\src\GROUP.PAS
1810600ce42ea4094ef4c1e5f53e63f6eef6eb07717aa0faa4b3a051f1e75600  E:\v2res\src\GROUP1.PAS
d345a62d4f47b8ff0eebc15b2c43295f0678d75b62df640f747cff803a1f13ef  E:\v2res\src\GTYPE72.PAS
43aa682ebb69735f3d7513dde0aafffa8d48a89c5d02624ef0f284df66b74565  E:\v2res\src\IMPORT.PAS
339ce2f6a070766e43f82d32205ba4406616b932f406572493d61d2dfc545797  E:\v2res\src\INIT.BAK
b4a7f4233f0ac714b4ca901d8793e0d434268369aae7590b0fa45147f4b6d6da  E:\v2res\src\IOTTT5.2
07330a5d417fd6ee0bdcdfd5cef8f48072ac8f1b1dde0ade4b3de7a29c28db04  E:\v2res\src\IOTTT5.PAS
2f4c2167703198ddd9731ca3ed65ab43655321e7d6f9ccd502a40c710be8b2a0  E:\v2res\src\KEEPUP.BAT
d239d329ea2052f6d74f958e50a6587517e1415027ec3f45e42489e00deb20cd  E:\v2res\src\KEYSTUFF.PAS
db2c4575f9e882709279988df2b61bdd2ed3d6b9c524dfe6912d40761e7b450b  E:\v2res\src\KEYTTT5.PAS
8c74b482cab86fb2e75a183ceb5dd69cbfa1d60fc5a03755a5ce536ea42920b6  E:\v2res\src\LARGE.PAS
c724f9b1482ecf859b6f166dd84d1ef5677def5db1e1f57c1e5538d144fa03a5  E:\v2res\src\LASTCALL.PAS
fde153aef9eca7e24ab4f860cc50abf92e0f1533e16edd5a572bc26407b6277f  E:\v2res\src\LATER.PAS
9ebc99f56132c2a1e2475eb7af776afc5859253ffb1a9e337791db4d9c6fc51c  E:\v2res\src\LINEEDIT.PAS
6c5d47146c6b8df9bf58618c0f2e276e8780b30db02586d7c4597e4d7261284c  E:\v2res\src\LITTLE.PAS
f1de2e4c9785ba5011d635a8810358408d90940b5d440f4698600584c0c55aa4  E:\v2res\src\LOGIN2.PAS
ff60507b7f94c0aca3dfda489810f77534dac6d3fb7433b0140703f2bfd60d9f  E:\v2res\src\LOGO.INC
b670ea4afd6af2387b276dc355e655b5fd1c35942dcb0409e93b251b5146e997  E:\v2res\src\LOGO.PAS
8b3f000bc7da727f5023ddbb365c3d32bf669e3b581f929317e957083e520396  E:\v2res\src\LOGO1.PAS
a10995bcb35f843608ff5e6740cb605d81d1ad9265cd54671197358465066ae4  E:\v2res\src\LOGO2.ANS
9530457453de4b9ea52b0cf64b45d803749e468648f0fdaa46111dffaa9fac63  E:\v2res\src\LOGO2.INC
d63e41bd60dc5d1e135f37cbce1334574cb0607d94a252d9639c8aff2125c6fd  E:\v2res\src\LOOK.PAS
3108eb2d9a74bbbf61bca77541377603c8761e9135c8cf66b3ab61b381b81c20  E:\v2res\src\M.BAT
cc0350713f12f1056e14fa5b928f4b00ea5e8cf9a201c57554b3ece1a14363d9  E:\v2res\src\MAILRET.PAS
f55df1703a36070cffbea43f37f4b6aced9d5a5a31e0e6666a850906e84cec92  E:\v2res\src\MAIN.OLD
4d69ee92f4a608cc38937f2bdfc68d23164984b5e94835ee12b470c1b7051b6d  E:\v2res\src\MAINMENU.PAS
51a0ed056a06acc9aaedb380f10a4dc064f4ee1ce43adb85d016f42abb35ae47  E:\v2res\src\MAINR1.PAS
5af624901922edb8c4346d4842911ceb4ffc02c5b40f3734289480bf8ac02831  E:\v2res\src\MAINR2.PAS
f7b32c4590e85de803a3ccff67bc5d6de557898372d046f81f69b377c1f81848  E:\v2res\src\MAKETXT.PAS
115ee66005b5fb7c5f0c7f18b8d6fc671a272e67d2532bc84a07fa346f70ce3d  E:\v2res\src\MAKE_STR.PAS
d18695ab109b13062ef9131cec3fdb12310ddd16e76b92ff304d080d3370542f  E:\v2res\src\MDOSIO.PAS
293c1e5288f690b57a649f83b2f3746ad9c68332d1453040882645ad31219257  E:\v2res\src\MENUEDIT.DOC
1609ee2d6f22bbf4db910f4b430264a5767fd9c12f778ae85b3bfcc75089773c  E:\v2res\src\MENUEDIT.PAS
a0ff1f9ad3a19a4f1c15660b52bee5f54351b077c18baf9df9c84898ad171030  E:\v2res\src\MENUS.TXT
88ad7d4d505527ba6caf070b247fbb1042ea4a1ca5b0c750e9561f152f24ccaa  E:\v2res\src\MESFIX.PAS
46d0e25f587638551fa8d9caed08be0efd2868ed8b885bc39deee917224db41a  E:\v2res\src\MESS0.PAS
337df418126f9f9a4c90333daa6cac9aa7d2ff3b767b5dd272396aebff523503  E:\v2res\src\MESS1.PAS
19144479be0aa9c92395e3142f06954700397f88f989049903fb182514641509  E:\v2res\src\MESS2.PAS
cdcd2b9e3eea05f8b33fb054fc3f149856479cce6b6f44f2f256ac7ababc603b  E:\v2res\src\MESS3.PAS
502b52dacbdede8e3b68e007050ca12780d8f5a270dcf83b2cd80ca13a19484a  E:\v2res\src\MESS4.PAS
ca47484925a9026e4ac05e86bcf42a0f7450ff5cb0a8ff0576334669b17c6d36  E:\v2res\src\MESSSYS0.PAS
6ca526d04db5279f74104f4b63e0375a10cc5492332c46e6e570ef52ff80d6aa  E:\v2res\src\MINICRT.PAS
44bd5e8efdb68fb7381983fb9adba559f591021e14c0c902f8f7af207dd9170f  E:\v2res\src\MNET.TPU
ec73c7c04c7cba6aae77692b286380964be7ea3dfc6f00b31dd222e279282acf  E:\v2res\src\MODEM.AP
fe6ada969f170595237cfa5039584eb465ddbd395178a881b3c49f44807980d6  E:\v2res\src\MODEM.NUL
f69f30b8b0e9cf110adefd4d1785b79b3e4ddf07fa995377cd79eedd7f884ff1  E:\v2res\src\MODEM.PAS
05e2bc2daa6bdfa4f3e6a262f5a0b660239ab7b819f8f107960c1d1d05403a27  E:\v2res\src\MODEM.PCL
5f19048f9ed623376ef8f0bafb819c751c66dd699e8f3216900b720be750ce9a  E:\v2res\src\MOREXFER.INC
12b177b2b0956861e8a9c40461b788227b4effebf49492d5e7f08e6d64f3b277  E:\v2res\src\MOUSE.PAS
2aca20880342ded8cc835b21afa1b22e94fbd14c64c89ac614f22791c6352916  E:\v2res\src\MOVE.PAS
8ee4ec39ca5bb7e1e4e5244137bc9e1ace5c138e70a4f8f60461cbf8e44d34ba  E:\v2res\src\MSG_CONV.PAS
5f1ce8033b6a55bb0a1814286c05122c7b028335cd8f2aeaa4f4080f1785c2e8  E:\v2res\src\MULAWARE.TPU
4f156c35aea79c63be6d4b1cef74ede758b70954541ade172d8ed0f0d0c4bf13  E:\v2res\src\MYCOMMAN.BAK
e7bbe7ad9ea41e2ec1a1d42157d07acf0afdc814d1b65a8ad19eb6bdf9e1dd0b  E:\v2res\src\MYCOMMAN.PAS
c4252ee6740fdcb82ec7a371672290c2608aeb79e8b213e20239748909a7d17a  E:\v2res\src\MYIO.PAS
b0c93afb80982984f104f4afe8dacfe318a3f15355c4476d35fe6c883e238b79  E:\v2res\src\NETSTUFF.PAS
621aa237debd217bf02679a167d78c525f34da17f0f3835fce24a41269f11b11  E:\v2res\src\NEWCONFI.ANS
852aa8e747c0ea33e6c973d147a11ec51a46034a8d13968a02ee08eb6265c980  E:\v2res\src\NEWCONFI.INC
8e7a5cc3aa5063ae3ce3aabcff2132c0ff9ff40f9ccacdd4a59a8e500852bbff  E:\v2res\src\NEWMAIN.BAK
945cc212b2916ce793fec7ae4bb547b5b82ef88bec7ce3e8e5f2617f87e3d5f1  E:\v2res\src\NEWMAIN.PAS
8a7ac529aafebcbd34bb10a7547a8d400262a1e2f88b852155607abb25f5fe75  E:\v2res\src\NEWMSGS.PAS
e2c2f31154e93b4f6808570427f40177194479508201be9d2a8adb37dad21b3e  E:\v2res\src\NEWREG.PAS
87ec47fa8ba373d2927519a8c002d88eaafcf72d863846b816c8a9491620c580  E:\v2res\src\NEWTEXT.PAS
8df671ab94165147c4493b6907b26b27fae6d995496d7857ebead054b5ac4b96  E:\v2res\src\NEWUE.PAS
4ef547b44821cb20cacdb1d525561723e389a899069249036f957e5f790b8ae1  E:\v2res\src\NEWWFC.ANS
1238973f1dcbbab1973123b79b17c9ece9f3f870c08831791da9551416b58baa  E:\v2res\src\NEWWFC.INC
92170065d2204d1bb66036eb2d084ad75a4f8781c8856191be88c6de90e3c21e  E:\v2res\src\NEW_FS.PAS
c727e86a7afa0ff314a1ed9b1f2fa803b73d7c19a3ca2524e0a376a8190ce244  E:\v2res\src\NODECHAT.PAS
56edb76929479ae0bd467ac4967b21926d43eaeb41f6be4ef5a784abfe01d810  E:\v2res\src\NODEEDIT.PAS
40bef5dda8f4ca1ed6e3257727c249d2a93e7be7e6702c96b4b30f336de9520b  E:\v2res\src\NODESTUF.PAS
6fb3b605de69cc846a36b689ebda457c992afaac6784ff1d828c1cdc88cf88f5  E:\v2res\src\NUV.PAS
1d5afe90ae5d6b96412cc8385049dc274d4a1baa93c702eba5a2c9d1aff12821  E:\v2res\src\OFFMODEM.PAS
806cf323429a94b550adc171f75f1475774ce8fd059a14605414e72971b19b53  E:\v2res\src\OOCOM.PA1
f9702476ce61c8ed3e7db44dfcd1f054fd7bc95096bc6cad934ebd7de41cb7f4  E:\v2res\src\OOCOM.PA2
299aaad29cff10659a14eafe350831e987a15773199a1af31a0461b26d3ac349  E:\v2res\src\OOCOM.PAS
b2abc3252a3b20bb138a40aadf679b9b034270cc87c8d8b10f6cc40f0a74ebee  E:\v2res\src\OPEN.PAS
b21424244ce16ab48f12523b0b9072b2d8209005f61ca694c0dad605903425dd  E:\v2res\src\OPENSHAR.PAS
a1194dec51fd435c1257258e143bdabacae31c46776f9c4b9b857ba7ba358aab  E:\v2res\src\OVER.PAS
050e8fb14d9b2ad7e3683e5aa1af7bd539f39ae1f03935aad8c601b7471cc3f6  E:\v2res\src\OVERRET1.BAK
a7101223b7560190251430df908dfb9743a53192eeb9ebed776714d0cc7b7b2c  E:\v2res\src\OVERRET1.PAS
6cb7c244781475c7f46b11e1d1466465be1335a12bf04a6912a553130e43dfc2  E:\v2res\src\OVRCALL.PAS
a289d904a5295a8b67a7d761e39b1e9012afea87db0bf2b77404368b25c2851a  E:\v2res\src\PACKER.PAS
572db65a5f4019758472dba1b88990ccfde09be969e9435555c778c09a137f53  E:\v2res\src\PAVT150.TPU
c511030da496aa7dd2c11d2c8ce93a0f0fd2d713116e708fa41439934d740383  E:\v2res\src\PAVTIO.TPU
427e3b5b87262021e1c33c7aa133cd0d465fb8a9c73b17ab459b7148ce3ee83d  E:\v2res\src\PAVTSND.TPU
ce8d8ac3ee05fb120d6332f2e03dde3ad8995a815640595e3d096360c4402e4e  E:\v2res\src\PCL4P.PAS
becbcd1e9afde67953698e81a8e7adfceef4a21bd914b485f0bdb9e7a35fcb80  E:\v2res\src\PCL4PLIB.OBJ
236808d4b616a6f06fe3746911ab550c91c2d0ccbdd542da52ff8566b3a9ce2d  E:\v2res\src\PRODEF.INC
50fc37315603232fcd56170487e8a7cd7f4783439b3202dddca7a8946d1c7dff  E:\v2res\src\PROMPTS.PAS
73a8071652fcf840dfbcc012148baaf417cba537b868a794a960aa23b207f403  E:\v2res\src\PROTEDIT.PAS
57770ac1f80aae70af273ae840ea8042b3b051fc6b8e612b6789e06ea7f5ff9d  E:\v2res\src\PROTO.INC
2bd20a804dc850cf9060470e0f22ef2aa280fe6e7ba021d96fa80d217d1bae6c  E:\v2res\src\PROTOCOL.PAS
8b854566e367e59f736a56bf81ae26275b67be6ffa37d8344924603feeac5c75  E:\v2res\src\PROTS.PAS
5204e1116073eb6ff38c3dd893ebfaea0ca75d94f65a75d5a7ab7fc494854499  E:\v2res\src\PULLTTT5.PAS
3113a77c16483abec08b2456dc64281516d7b3b522a85aef56657679f1f32ec5  E:\v2res\src\PULLTTT5.TPU
57411435127da9e9b11d8a59c8f795dad6a48c07fec4dda98cca6deb981b1a21  E:\v2res\src\REC.PAS
cc4e5bafaec6894f4339cb621e9f1366d1ceea58ccc1be00afc272e807381718  E:\v2res\src\REG.PAS
e1ab2b78261db57e0d54b5a4f23821086dcbf7af2dc444b874036f3047686c8c  E:\v2res\src\REVERSE.PAS
3c165d3e9e0986345a18c8ea138bf9adc4a33f3ff563c6791abad46e8ebbc555  E:\v2res\src\RID.PAS
dce7c4fa007a5a975c5fd90d0d3afd514abaf2b4cd687e3bfcc6a1589d482663  E:\v2res\src\RUMORS.PAS
af5ac7d3a026c3ddfaa162391b60194257528302c12c0871f95b7baa640115f0  E:\v2res\src\SCREEN.PAS
ebed41efe4981d33f36b357b9d4969a4f1dfd4266c65e030d241910cb125f183  E:\v2res\src\SCRN.OBJ
3d2cb0cdfc27e8bcdd78908bac8a9cc16f023f4755c69001618902d14957d9c8  E:\v2res\src\SCRNINPT.PAS
f8d4628be8ec2d38367da495b2e51c89d2980b811d42e00075a833bb3bc607e6  E:\v2res\src\SCRNUNIT.PAS
409867c05e675c5c7f9c6e8a1db85277e923daaa5a43786a338d95caf3fb8973  E:\v2res\src\SCROLLER.PAS
a66ca6f9ee01126579dedf185b94d53f43474ca065770be8717ca84522575279  E:\v2res\src\SLOW.PAS
cdefd68db6d3f7359a834af4d11de6bd112032bf89aa80378ddce862a16de601  E:\v2res\src\SMALLUE.PAS
a448643374ee1dfea69961738aa25f914a01849926932d11c3f237dee289e070  E:\v2res\src\STATRET.PAS
884f6f150464d8ceb1a2e77b9333c48727cb7366727ae52e55e54c230320d5f5  E:\v2res\src\STATUS.ANS
3041f00fa633ae3ef11724dda6dfcbf4d69a8c83bd0f7ef8d5c55484354900ab  E:\v2res\src\STATUS.INC
32e4d443c828b9dee4dd63a2826d9dd2f522c7fc7b8f6d808e9ca37a90c6e86a  E:\v2res\src\STATUS.PAS
030888f559091d70019e4a0cc8b27a8506688a8901ec67ea94491cd7ee5574bf  E:\v2res\src\STRINGS.PAS
1b7f93f2b854533d9d89ebc7efaab786dfeb9524b7b586719c01439d0498847c  E:\v2res\src\STRNTTT5.PAS
d469ba9034e1b0eb4fdf0db9eacc4312544cda98173c0afc87ccc4ecb2091f3a  E:\v2res\src\SUBS1.BAK
b51f095f92ca2edc21048a853a9bb6214a845248a995792a14ba95d9aabb6180  E:\v2res\src\SUBS1.PAS
88621c9fc82f9a6c3d68b431db4578e6f095377139776a371c04bce7c281741a  E:\v2res\src\SUBS2.PAS
6c7d502fc5985d6dba8c168a18c02934f9c403573afbae729cabe266671594ae  E:\v2res\src\SUBSOVR.PAS
3caae65dad88d4a9953e2961a4ff0ed14af71314cf8bd7c899b532de653f9342  E:\v2res\src\SWAPUNIT.TPU
c7d26ada9524924b19dffd6375e7fc0dd15dd462ed1c081300c54fc516d60609  E:\v2res\src\SYSLOG.DAT
7cd0b0494afacd4d81c8cda14b69723a20ccb039d09a4b19d679425d4b57f37d  E:\v2res\src\SYSOP.PAS
467902033a901275bc8d6095839e46b39c0004126bedde92a2dc7d4429cf6a82  E:\v2res\src\SYSOPMEN.ANS
0c414cda1bf606564889f2e6ddc0823fab4979a1f5d481fb80b1c9cba3558cd3  E:\v2res\src\SYSOPMEN.PA2
c881aaa732b4af056f3bb567b1140f464a8d7cc6acd6fe9f5103184638ed6915  E:\v2res\src\SYSOPMEN.PAS
3af35a7dc6eb1aec694ea1651baf56cc43c4bd76b24725edf4834b1b45754fe4  E:\v2res\src\TEXTRET.BAK
2b14a6f5f46a11079f0c636f096c8186fdb6bf433529ac08b06d2201a40b3836  E:\v2res\src\TEXTRET.PAS
f8788ede444940835ab0c830bb07e0375f3529d98f4402255a00dc5f11ca50df  E:\v2res\src\TOPLINE.ASM
ede8b069147474bc6204db59855cd779637064fa8845226a623fd460149da840  E:\v2res\src\TOPTEN.PAS
92c889eae2a07cf150a38ce3edfe57bb7b3276dff0cdd4ecae43adbffc654a6d  E:\v2res\src\TOPUSER.PAS
b974833a83834d5c5ac38c05b321b8f5c9fd611b50cf250ce955084f944d5e86  E:\v2res\src\TURBO.DSK
4e0dd4af98717c0a0a823695dcdc432f665c3606b0f146bd0aeb5bd7168bada6  E:\v2res\src\TURBO.TP
41ade35dbdad48081b0a1d337eae893c9d34b14d9bb2218d1e6e2ba9172a6cfd  E:\v2res\src\TYPES.PAS
34b645e0ad265ca9f8591e1b2e4633627f7cdc0133d17ddf1718622786a73545  E:\v2res\src\UE.INC
5c79c76f8d34882920cf9a99cb5966092d6d174470657e0936ea525a76267494  E:\v2res\src\UE.PAS
de3b80ee6ddac457d89229a99b3429c615b483c006160a56506fc30c3ea2e216  E:\v2res\src\USEREDIT.OLD
e7bd682b9c38fb6e204a28da69e5ca58a2a0ab6c6821858399f0079fb9725156  E:\v2res\src\USEREDIT.PAS
fe303df819527bd0076585157bb893179c249bad341a2269782e6b4e934aa56d  E:\v2res\src\USERLIST.PAS
5706cc177b6362216af12a0666587ac5a076f45d1920e4b8c4765afb390db508  E:\v2res\src\USERRET.PAS
b3d5f1e09ed4c72134e190acbef42672986cb2149a357574a6bebef021861081  E:\v2res\src\V2APP.OLD
f99b016e484dd3b7368cb1ec275c1c8807623e179fca5f2f2eb40d435e25dffc  E:\v2res\src\V2APP.PAS
434b04a6432eecb9a43e7175af7b1ea90ab7d0d1d90628b6534ef0b051fb5499  E:\v2res\src\V2MAIL.PAS
158aae3e65ef2ee0cea6acbcd32846a93ffe1a7e782845aa72eecebb15e2b928  E:\v2res\src\VIDEO.PAS
9a84b872c72f80ad25a7345278940792c5c54debe584feb6ca9ce5a4fb30e3a6  E:\v2res\src\VIEWER.PAS
1cea219904135e322fb719b4c98ff1f7d32f25aeea93f9924092083531997464  E:\v2res\src\VISION.PAS
4bd3c8403fff1af124ead85cfe8bf31d475e1cbd27128dea603dc8af36609b72  E:\v2res\src\VOTING.PAS
aa372167ec3f0737f6fd8b21477acbb5692f074230b8dc66b267ddde7ff79597  E:\v2res\src\W1.INC
396c5e1941a302ce9fa3687762edd6078cdea7bd00de98b139af36b1e18a7eb9  E:\v2res\src\W2-2.INC
d8f8d7ddd57e8931b382ac5130df22e89fe3f3149466ec4c83412166785b368d  E:\v2res\src\W2.INC
0c8fa9e0e082a794dd134afabd52b57f08416737a920fcddaa269d74e0a09fe9  E:\v2res\src\W3.INC
e03e6ee53ca0f2040395d4a00fdbef97ac3861fd90aa006f19ebb5bcd0ded4e5  E:\v2res\src\WAITCALL.BAK
8cc68d2a1b5daac0d10826428eddfe888e953668b6f0333e142f90d56cffae58  E:\v2res\src\WAITCALL.PAS
f13706d574d9ec55ed730660b5975d775e679f0bdb8fb043421245f8fac973ad  E:\v2res\src\WFC.ANS
ef6f5faf09027e3c13c93669d0aeb853e8eaacdd5c581f4190448ea8d08b9a77  E:\v2res\src\WFCMENU.ANS
3ce4296a2d3c2c47be81bc1f02735ca06ab954f2f3da0dc8fc3e8a41a8f2a023  E:\v2res\src\WFCMENU.INC
038efbaabba14fd6101afc3678b7ccaf6d3a10695eb95a7d66e8d0173aeec4f2  E:\v2res\src\WFCMENU1.INC
091436a918cd88f3d0c49327f75ad91327ff1cb011b8d4a59aed1d161d7883d2  E:\v2res\src\WINDOWS.PAS
df4d848dba23dae708470526230592aeb940a5b9aaeb05516db628389ccde158  E:\v2res\src\WINTTT5.OBJ
1bcf06f50699615ccdf1cc88ef0841875ccb98c492674330543d88f98f4ced19  E:\v2res\src\WINTTT5.PAS
8a039927df505afd1a445481d65c2789cb3a1a012a6435611289ac8da1371dec  E:\v2res\src\WORD.APP
26c51460a317e1b169ab07d87767dd7a957706c09a2590f84c951fb9197e5342  E:\v2res\src\ZIPLAB.OLD
1bc8ff6a06e72d6c173350e9300d365444a3672c8519b8a53479f32e7b108439  E:\v2res\src\MAKE.BAT
91f6feee09b4a93b7708a3d65a9d04fc41b600050b63b469093af714ab76828d  E:\v2res\src\Z.BAT
1b859f587bb342e94c2c8711becc930b091842de701d56c76e89cf0804f04900  E:\v2res\src\makeall.bat
10be4b7d640a72adbc1f45aa0990a09ca174af6500a7fcd3c324dab033549f4a  E:\v2res\src\GENERAL.BAK
ed4a49eb2d46c7c71422c7176305ada78249172f0bca0fabc28a52f234cd5402  E:\v2res\src\GENERAL.PAS
33c3bc5228f1c791765742017638c74f7928606d141a6f602d73116945652f45  E:\v2res\src\TOOLS.BAK
50dc5a17532661d3880d0bedc397036d098a15def7b6bd3e6289454f97f84e2c  E:\v2res\src\TOOLS.PAS
d3e1cfa4d5a71429d34872ca26f4aed51da187df58bdf03ba95d2821e1186d95  E:\v2res\src\MISCTTT5.BAK
272c39693958631f1cd5d802a39896c63cd85eaa925799eecdd65563dcdf5cc5  E:\v2res\src\MISCTTT5.PAS
b0a1fd5c2f213a0673f1f89127f19e18f7c458525b55d58ec1f03731c950ba34  E:\v2res\src\BUILDIT.BAT
2a7d9d7d9e2ae2d61f498b0f1958350f7779e81f45a2097a1ae921d149d55df4  E:\v2res\src\V2R-HIST.LOG
4d0b0e7805dcc53ceda7e846dd9f72dd1a72dc9257a8089b0ca08237fc520de4  E:\v2res\src\GENSUBS.BAK
4d0b0e7805dcc53ceda7e846dd9f72dd1a72dc9257a8089b0ca08237fc520de4  E:\v2res\src\GENSUBS.PAS
57778cdebec1229dc2a0efaa5200f8262684d6fff1d1a19d52ddf4bc7ca10956  E:\v2res\src\INIT.PAS
04317877e262b19a72365ad88342c27d021375338af2770044fc126dd303267c  E:\v2res\src\SHA-004.LOG
